TN:
SF:/Users/Shared/Development/projects/@auroradao/datastream-client-public/packages/datastream-client/lib/client.js
FN:2,(anonymous_0)
FN:3,(anonymous_1)
FN:4,fulfilled
FN:5,rejected
FN:6,step
FN:6,(anonymous_5)
FN:10,(anonymous_6)
FN:11,(anonymous_7)
FN:12,(anonymous_8)
FN:13,verb
FN:13,(anonymous_10)
FN:14,step
FN:37,(anonymous_12)
FN:40,(anonymous_13)
FN:54,assertNever
FN:58,(anonymous_15)
FN:59,DatastreamClient
FN:70,(anonymous_17)
FN:77,(anonymous_18)
FN:80,(anonymous_19)
FN:92,(anonymous_20)
FN:95,(anonymous_21)
FN:103,(anonymous_22)
FN:106,(anonymous_23)
FN:109,(anonymous_24)
FN:133,(anonymous_25)
FN:135,(anonymous_26)
FN:137,(anonymous_27)
FN:164,(anonymous_28)
FN:183,(anonymous_29)
FN:198,(anonymous_30)
FN:205,(anonymous_31)
FN:276,(anonymous_32)
FN:280,(anonymous_33)
FN:281,(anonymous_34)
FN:284,(anonymous_35)
FN:295,(anonymous_36)
FNF:37
FNH:0
FNDA:0,(anonymous_0)
FNDA:0,(anonymous_1)
FNDA:0,fulfilled
FNDA:0,rejected
FNDA:0,step
FNDA:0,(anonymous_5)
FNDA:0,(anonymous_6)
FNDA:0,(anonymous_7)
FNDA:0,(anonymous_8)
FNDA:0,verb
FNDA:0,(anonymous_10)
FNDA:0,step
FNDA:0,(anonymous_12)
FNDA:0,(anonymous_13)
FNDA:0,assertNever
FNDA:0,(anonymous_15)
FNDA:0,DatastreamClient
FNDA:0,(anonymous_17)
FNDA:0,(anonymous_18)
FNDA:0,(anonymous_19)
FNDA:0,(anonymous_20)
FNDA:0,(anonymous_21)
FNDA:0,(anonymous_22)
FNDA:0,(anonymous_23)
FNDA:0,(anonymous_24)
FNDA:0,(anonymous_25)
FNDA:0,(anonymous_26)
FNDA:0,(anonymous_27)
FNDA:0,(anonymous_28)
FNDA:0,(anonymous_29)
FNDA:0,(anonymous_30)
FNDA:0,(anonymous_31)
FNDA:0,(anonymous_32)
FNDA:0,(anonymous_33)
FNDA:0,(anonymous_34)
FNDA:0,(anonymous_35)
FNDA:0,(anonymous_36)
DA:2,0
DA:3,0
DA:4,0
DA:5,0
DA:6,0
DA:7,0
DA:10,0
DA:11,0
DA:12,0
DA:13,0
DA:15,0
DA:16,0
DA:17,0
DA:18,0
DA:19,0
DA:20,0
DA:21,0
DA:22,0
DA:23,0
DA:25,0
DA:26,0
DA:27,0
DA:28,0
DA:29,0
DA:30,0
DA:32,0
DA:33,0
DA:34,0
DA:37,0
DA:38,0
DA:40,0
DA:41,0
DA:42,0
DA:43,0
DA:44,0
DA:45,0
DA:47,0
DA:48,0
DA:49,0
DA:50,0
DA:51,0
DA:52,0
DA:53,0
DA:55,0
DA:56,0
DA:58,0
DA:60,0
DA:61,0
DA:62,0
DA:63,0
DA:64,0
DA:65,0
DA:66,0
DA:69,0
DA:71,0
DA:76,0
DA:78,0
DA:81,0
DA:82,0
DA:84,0
DA:91,0
DA:93,0
DA:96,0
DA:103,0
DA:104,0
DA:106,0
DA:107,0
DA:109,0
DA:110,0
DA:111,0
DA:112,0
DA:113,0
DA:114,0
DA:116,0
DA:117,0
DA:119,0
DA:121,0
DA:126,0
DA:127,0
DA:129,0
DA:130,0
DA:134,0
DA:135,0
DA:137,0
DA:138,0
DA:140,0
DA:141,0
DA:143,0
DA:145,0
DA:146,0
DA:148,0
DA:149,0
DA:150,0
DA:152,0
DA:154,0
DA:155,0
DA:156,0
DA:157,0
DA:164,0
DA:165,0
DA:166,0
DA:168,0
DA:169,0
DA:170,0
DA:172,0
DA:177,0
DA:183,0
DA:184,0
DA:185,0
DA:186,0
DA:188,0
DA:193,0
DA:198,0
DA:199,0
DA:200,0
DA:201,0
DA:203,0
DA:205,0
DA:206,0
DA:207,0
DA:208,0
DA:210,0
DA:211,0
DA:212,0
DA:213,0
DA:214,0
DA:215,0
DA:217,0
DA:220,0
DA:221,0
DA:223,0
DA:224,0
DA:225,0
DA:227,0
DA:230,0
DA:231,0
DA:232,0
DA:234,0
DA:237,0
DA:238,0
DA:239,0
DA:241,0
DA:244,0
DA:245,0
DA:246,0
DA:248,0
DA:251,0
DA:252,0
DA:253,0
DA:255,0
DA:258,0
DA:259,0
DA:260,0
DA:262,0
DA:265,0
DA:266,0
DA:267,0
DA:269,0
DA:272,0
DA:276,0
DA:277,0
DA:278,0
DA:280,0
DA:282,0
DA:283,0
DA:284,0
DA:285,0
DA:286,0
DA:288,0
DA:291,0
DA:296,0
DA:297,0
DA:301,0
DA:303,0
LF:174
LH:0
BRDA:2,0,0,0
BRDA:2,0,1,0
BRDA:2,0,2,0
BRDA:3,1,0,0
BRDA:3,1,1,0
BRDA:6,2,0,0
BRDA:6,2,1,0
BRDA:7,3,0,0
BRDA:7,3,1,0
BRDA:10,4,0,0
BRDA:10,4,1,0
BRDA:10,4,2,0
BRDA:11,5,0,0
BRDA:11,5,1,0
BRDA:12,6,0,0
BRDA:12,6,1,0
BRDA:15,7,0,0
BRDA:15,7,1,0
BRDA:17,8,0,0
BRDA:17,8,1,0
BRDA:17,9,0,0
BRDA:17,9,1,0
BRDA:17,9,2,0
BRDA:17,10,0,0
BRDA:17,10,1,0
BRDA:17,11,0,0
BRDA:17,11,1,0
BRDA:17,12,0,0
BRDA:17,12,1,0
BRDA:17,13,0,0
BRDA:17,13,1,0
BRDA:18,14,0,0
BRDA:18,14,1,0
BRDA:19,15,0,0
BRDA:19,15,1,0
BRDA:19,15,2,0
BRDA:19,15,3,0
BRDA:19,15,4,0
BRDA:19,15,5,0
BRDA:25,16,0,0
BRDA:25,16,1,0
BRDA:25,17,0,0
BRDA:25,17,1,0
BRDA:25,17,2,0
BRDA:25,18,0,0
BRDA:25,18,1,0
BRDA:26,19,0,0
BRDA:26,19,1,0
BRDA:26,20,0,0
BRDA:26,20,1,0
BRDA:26,20,2,0
BRDA:26,20,3,0
BRDA:27,21,0,0
BRDA:27,21,1,0
BRDA:27,22,0,0
BRDA:27,22,1,0
BRDA:28,23,0,0
BRDA:28,23,1,0
BRDA:28,24,0,0
BRDA:28,24,1,0
BRDA:29,25,0,0
BRDA:29,25,1,0
BRDA:34,26,0,0
BRDA:34,26,1,0
BRDA:34,27,0,0
BRDA:34,27,1,0
BRDA:37,28,0,0
BRDA:37,28,1,0
BRDA:37,28,2,0
BRDA:38,29,0,0
BRDA:38,29,1,0
BRDA:38,30,0,0
BRDA:38,30,1,0
BRDA:40,31,0,0
BRDA:40,31,1,0
BRDA:40,31,2,0
BRDA:41,32,0,0
BRDA:41,32,1,0
BRDA:41,33,0,0
BRDA:41,33,1,0
BRDA:43,34,0,0
BRDA:43,34,1,0
BRDA:43,35,0,0
BRDA:43,35,1,0
BRDA:65,36,0,0
BRDA:65,36,1,0
BRDA:81,37,0,0
BRDA:81,37,1,0
BRDA:93,38,0,0
BRDA:93,38,1,0
BRDA:111,39,0,0
BRDA:111,39,1,0
BRDA:112,40,0,0
BRDA:112,40,1,0
BRDA:113,41,0,0
BRDA:113,41,1,0
BRDA:113,42,0,0
BRDA:113,42,1,0
BRDA:116,43,0,0
BRDA:116,43,1,0
BRDA:126,44,0,0
BRDA:126,44,1,0
BRDA:134,45,0,0
BRDA:134,45,1,0
BRDA:138,46,0,0
BRDA:138,46,1,0
BRDA:138,46,2,0
BRDA:138,46,3,0
BRDA:138,46,4,0
BRDA:140,47,0,0
BRDA:140,47,1,0
BRDA:149,48,0,0
BRDA:149,48,1,0
BRDA:165,49,0,0
BRDA:165,49,1,0
BRDA:169,50,0,0
BRDA:169,50,1,0
BRDA:172,51,0,0
BRDA:172,51,1,0
BRDA:173,52,0,0
BRDA:173,52,1,0
BRDA:185,53,0,0
BRDA:185,53,1,0
BRDA:188,54,0,0
BRDA:188,54,1,0
BRDA:189,55,0,0
BRDA:189,55,1,0
BRDA:200,56,0,0
BRDA:200,56,1,0
BRDA:210,57,0,0
BRDA:210,57,1,0
BRDA:210,58,0,0
BRDA:210,58,1,0
BRDA:213,59,0,0
BRDA:213,59,1,0
BRDA:214,60,0,0
BRDA:214,60,1,0
BRDA:220,61,0,0
BRDA:220,61,1,0
BRDA:221,62,0,0
BRDA:221,62,1,0
BRDA:221,62,2,0
BRDA:221,62,3,0
BRDA:221,62,4,0
BRDA:221,62,5,0
BRDA:221,62,6,0
BRDA:221,62,7,0
BRDA:224,63,0,0
BRDA:224,63,1,0
BRDA:231,64,0,0
BRDA:231,64,1,0
BRDA:238,65,0,0
BRDA:238,65,1,0
BRDA:245,66,0,0
BRDA:245,66,1,0
BRDA:251,67,0,0
BRDA:251,67,1,0
BRDA:252,68,0,0
BRDA:252,68,1,0
BRDA:258,69,0,0
BRDA:258,69,1,0
BRDA:259,70,0,0
BRDA:259,70,1,0
BRDA:265,71,0,0
BRDA:265,71,1,0
BRDA:266,72,0,0
BRDA:266,72,1,0
BRDA:283,73,0,0
BRDA:283,73,1,0
BRDA:285,74,0,0
BRDA:285,74,1,0
BRDA:288,75,0,0
BRDA:288,75,1,0
BRF:173
BRH:0
end_of_record
TN:
SF:/Users/Shared/Development/projects/@auroradao/datastream-client-public/packages/datastream-client/lib/config.js
FN:2,(anonymous_0)
FN:3,(anonymous_1)
FN:16,modifyRunningConfig
FN:23,createRunningConfig
FNF:4
FNH:0
FNDA:0,(anonymous_0)
FNDA:0,(anonymous_1)
FNDA:0,modifyRunningConfig
FNDA:0,createRunningConfig
DA:2,0
DA:3,0
DA:4,0
DA:5,0
DA:6,0
DA:7,0
DA:9,0
DA:11,0
DA:13,0
DA:14,0
DA:15,0
DA:17,0
DA:22,0
DA:24,0
DA:25,0
DA:27,0
DA:29,0
LF:17
LH:0
BRDA:2,0,0,0
BRDA:2,0,1,0
BRDA:2,0,2,0
BRDA:3,1,0,0
BRDA:3,1,1,0
BRDA:6,2,0,0
BRDA:6,2,1,0
BRDA:18,3,0,0
BRDA:18,3,1,0
BRDA:19,4,0,0
BRDA:19,4,1,0
BRDA:24,5,0,0
BRDA:24,5,1,0
BRF:13
BRH:0
end_of_record
TN:
SF:/Users/Shared/Development/projects/@auroradao/datastream-client-public/packages/datastream-client/lib/constants.js
FN:2,(anonymous_0)
FNF:1
FNH:0
FNDA:0,(anonymous_0)
DA:2,0
DA:3,0
DA:5,0
DA:6,0
DA:7,0
DA:8,0
DA:16,0
DA:19,0
LF:8
LH:0
BRDA:2,0,0,0
BRDA:2,0,1,0
BRDA:2,0,2,0
BRDA:3,1,0,0
BRDA:3,1,1,0
BRDA:3,2,0,0
BRDA:3,2,1,0
BRF:7
BRH:0
end_of_record
TN:
SF:/Users/Shared/Development/projects/@auroradao/datastream-client-public/packages/datastream-client/lib/errors.js
FN:2,(anonymous_0)
FN:3,(anonymous_1)
FN:5,(anonymous_2)
FN:6,(anonymous_3)
FN:9,(anonymous_4)
FN:11,__
FN:16,(anonymous_6)
FN:18,ValidationError
FN:29,(anonymous_8)
FN:31,DatastreamCancellationError
FN:41,(anonymous_10)
FN:43,DatastreamServerError
FN:54,(anonymous_12)
FN:56,DatastreamTimeoutError
FNF:14
FNH:0
FNDA:0,(anonymous_0)
FNDA:0,(anonymous_1)
FNDA:0,(anonymous_2)
FNDA:0,(anonymous_3)
FNDA:0,(anonymous_4)
FNDA:0,__
FNDA:0,(anonymous_6)
FNDA:0,ValidationError
FNDA:0,(anonymous_8)
FNDA:0,DatastreamCancellationError
FNDA:0,(anonymous_10)
FNDA:0,DatastreamServerError
FNDA:0,(anonymous_12)
FNDA:0,DatastreamTimeoutError
DA:2,0
DA:3,0
DA:4,0
DA:5,0
DA:6,0
DA:7,0
DA:9,0
DA:10,0
DA:11,0
DA:12,0
DA:15,0
DA:16,0
DA:17,0
DA:19,0
DA:20,0
DA:21,0
DA:22,0
DA:23,0
DA:24,0
DA:26,0
DA:28,0
DA:29,0
DA:30,0
DA:32,0
DA:33,0
DA:34,0
DA:35,0
DA:36,0
DA:38,0
DA:40,0
DA:41,0
DA:42,0
DA:44,0
DA:45,0
DA:46,0
DA:47,0
DA:48,0
DA:49,0
DA:51,0
DA:53,0
DA:54,0
DA:55,0
DA:57,0
DA:58,0
DA:59,0
DA:60,0
DA:61,0
DA:62,0
DA:64,0
DA:66,0
LF:50
LH:0
BRDA:2,0,0,0
BRDA:2,0,1,0
BRDA:2,0,2,0
BRDA:4,1,0,0
BRDA:4,1,1,0
BRDA:4,1,2,0
BRDA:4,1,3,0
BRDA:6,2,0,0
BRDA:6,2,1,0
BRDA:12,3,0,0
BRDA:12,3,1,0
BRDA:21,4,0,0
BRDA:21,4,1,0
BRDA:32,5,0,0
BRDA:32,5,1,0
BRDA:44,6,0,0
BRDA:44,6,1,0
BRDA:57,7,0,0
BRDA:57,7,1,0
BRF:19
BRH:0
end_of_record
TN:
SF:/Users/Shared/Development/projects/@auroradao/datastream-client-public/packages/datastream-client/lib/index.js
FN:5,createDatastreamClient
FNF:1
FNH:0
FNDA:0,createDatastreamClient
DA:2,0
DA:3,0
DA:4,0
DA:6,0
DA:7,0
DA:9,0
LF:6
LH:0
BRF:0
BRH:0
end_of_record
TN:
SF:/Users/Shared/Development/projects/@auroradao/datastream-client-public/packages/datastream-client/lib/json.js
FN:3,tryParseJSON
FNF:1
FNH:0
FNDA:0,tryParseJSON
DA:2,0
DA:4,0
DA:5,0
DA:7,0
DA:8,0
DA:11,0
DA:13,0
LF:7
LH:0
BRDA:4,0,0,0
BRDA:4,0,1,0
BRF:2
BRH:0
end_of_record
TN:
SF:/Users/Shared/Development/projects/@auroradao/datastream-client-public/packages/datastream-client/lib/utils.js
FN:2,(anonymous_0)
FN:7,createRequestID
FN:11,tryParseJSON
FNF:3
FNH:0
FNDA:0,(anonymous_0)
FNDA:0,createRequestID
FNDA:0,tryParseJSON
DA:2,0
DA:3,0
DA:5,0
DA:6,0
DA:8,0
DA:10,0
DA:12,0
DA:13,0
DA:15,0
DA:16,0
DA:19,0
DA:21,0
LF:12
LH:0
BRDA:2,0,0,0
BRDA:2,0,1,0
BRDA:2,0,2,0
BRDA:3,1,0,0
BRDA:3,1,1,0
BRDA:3,2,0,0
BRDA:3,2,1,0
BRDA:12,3,0,0
BRDA:12,3,1,0
BRF:9
BRH:0
end_of_record
TN:
SF:/Users/Shared/Development/projects/@auroradao/datastream-client-public/packages/datastream-connection/lib/close-handlers.js
FN:4,(anonymous_0)
FN:34,(anonymous_1)
FNF:2
FNH:0
FNDA:0,(anonymous_0)
FNDA:0,(anonymous_1)
DA:2,0
DA:3,0
DA:5,0
DA:7,0
DA:8,0
DA:11,0
DA:12,0
DA:15,0
DA:16,0
DA:18,0
DA:21,0
DA:22,0
DA:24,0
DA:27,0
DA:28,0
DA:30,0
DA:35,0
DA:37,0
DA:40,0
DA:45,0
LF:20
LH:0
BRDA:5,0,0,0
BRDA:5,0,1,0
BRDA:5,0,2,0
BRDA:5,0,3,0
BRDA:5,0,4,0
BRDA:15,1,0,0
BRDA:15,1,1,0
BRDA:21,2,0,0
BRDA:21,2,1,0
BRDA:27,3,0,0
BRDA:27,3,1,0
BRDA:35,4,0,0
BRDA:35,4,1,0
BRF:13
BRH:0
end_of_record
TN:
SF:/Users/Shared/Development/projects/@auroradao/datastream-client-public/packages/datastream-connection/lib/connection.js
FN:2,(anonymous_0)
FN:3,(anonymous_1)
FN:13,(anonymous_2)
FN:20,(anonymous_3)
FN:31,assertNever
FN:36,clearAllConnectionTasks
FN:42,handleFatalState
FN:45,isDatastreamEvent
FN:48,isDatastreamResponse
FN:52,createConnection
FN:58,sendToSocket
FN:62,(anonymous_11)
FN:66,flushBuffer
FN:79,handleSocketMessage
FN:136,startPinger
FN:137,(anonymous_15)
FN:142,(anonymous_16)
FN:150,(anonymous_17)
FN:155,handleSocketEvent
FN:225,(anonymous_19)
FN:235,closeSocketIfNeeded
FN:249,resetSocketIfNeeded
FN:257,reconnect
FN:277,(anonymous_23)
FN:279,(anonymous_24)
FN:299,(anonymous_25)
FN:323,(anonymous_26)
FN:332,(anonymous_27)
FN:358,(anonymous_28)
FNF:29
FNH:0
FNDA:0,(anonymous_0)
FNDA:0,(anonymous_1)
FNDA:0,(anonymous_2)
FNDA:0,(anonymous_3)
FNDA:0,assertNever
FNDA:0,clearAllConnectionTasks
FNDA:0,handleFatalState
FNDA:0,isDatastreamEvent
FNDA:0,isDatastreamResponse
FNDA:0,createConnection
FNDA:0,sendToSocket
FNDA:0,(anonymous_11)
FNDA:0,flushBuffer
FNDA:0,handleSocketMessage
FNDA:0,startPinger
FNDA:0,(anonymous_15)
FNDA:0,(anonymous_16)
FNDA:0,(anonymous_17)
FNDA:0,handleSocketEvent
FNDA:0,(anonymous_19)
FNDA:0,closeSocketIfNeeded
FNDA:0,resetSocketIfNeeded
FNDA:0,reconnect
FNDA:0,(anonymous_23)
FNDA:0,(anonymous_24)
FNDA:0,(anonymous_25)
FNDA:0,(anonymous_26)
FNDA:0,(anonymous_27)
FNDA:0,(anonymous_28)
DA:2,0
DA:3,0
DA:4,0
DA:5,0
DA:6,0
DA:7,0
DA:9,0
DA:11,0
DA:13,0
DA:14,0
DA:15,0
DA:16,0
DA:17,0
DA:18,0
DA:20,0
DA:21,0
DA:23,0
DA:24,0
DA:25,0
DA:26,0
DA:27,0
DA:28,0
DA:29,0
DA:30,0
DA:32,0
DA:33,0
DA:35,0
DA:37,0
DA:38,0
DA:39,0
DA:43,0
DA:46,0
DA:49,0
DA:53,0
DA:54,0
DA:59,0
DA:60,0
DA:62,0
DA:63,0
DA:67,0
DA:72,0
DA:74,0
DA:75,0
DA:76,0
DA:80,0
DA:81,0
DA:82,0
DA:83,0
DA:85,0
DA:86,0
DA:87,0
DA:88,0
DA:91,0
DA:92,0
DA:93,0
DA:95,0
DA:96,0
DA:97,0
DA:98,0
DA:99,0
DA:100,0
DA:101,0
DA:103,0
DA:105,0
DA:108,0
DA:109,0
DA:110,0
DA:113,0
DA:116,0
DA:120,0
DA:122,0
DA:123,0
DA:124,0
DA:126,0
DA:127,0
DA:131,0
DA:137,0
DA:138,0
DA:139,0
DA:140,0
DA:141,0
DA:142,0
DA:143,0
DA:144,0
DA:146,0
DA:149,0
DA:150,0
DA:151,0
DA:156,0
DA:157,0
DA:158,0
DA:162,0
DA:164,0
DA:165,0
DA:166,0
DA:168,0
DA:171,0
DA:172,0
DA:173,0
DA:174,0
DA:175,0
DA:178,0
DA:179,0
DA:181,0
DA:184,0
DA:187,0
DA:188,0
DA:190,0
DA:191,0
DA:192,0
DA:195,0
DA:196,0
DA:197,0
DA:198,0
DA:200,0
DA:203,0
DA:204,0
DA:205,0
DA:206,0
DA:208,0
DA:209,0
DA:211,0
DA:212,0
DA:215,0
DA:220,0
DA:223,0
DA:224,0
DA:225,0
DA:226,0
DA:229,0
DA:231,0
DA:232,0
DA:236,0
DA:237,0
DA:238,0
DA:239,0
DA:240,0
DA:241,0
DA:242,0
DA:244,0
DA:247,0
DA:250,0
DA:251,0
DA:252,0
DA:258,0
DA:259,0
DA:260,0
DA:262,0
DA:263,0
DA:265,0
DA:266,0
DA:268,0
DA:269,0
DA:271,0
DA:272,0
DA:273,0
DA:275,0
DA:276,0
DA:277,0
DA:278,0
DA:279,0
DA:280,0
DA:281,0
DA:283,0
DA:284,0
DA:287,0
DA:289,0
DA:291,0
DA:294,0
DA:297,0
DA:300,0
DA:302,0
DA:305,0
DA:307,0
DA:308,0
DA:309,0
DA:311,0
DA:312,0
DA:314,0
DA:315,0
DA:318,0
DA:319,0
DA:320,0
DA:324,0
DA:325,0
DA:326,0
DA:328,0
DA:329,0
DA:330,0
DA:333,0
DA:334,0
DA:336,0
DA:337,0
DA:339,0
DA:340,0
DA:341,0
DA:342,0
DA:344,0
DA:345,0
DA:346,0
DA:348,0
DA:349,0
DA:351,0
DA:352,0
DA:354,0
DA:355,0
DA:356,0
DA:359,0
DA:362,0
DA:364,0
LF:210
LH:0
BRDA:2,0,0,0
BRDA:2,0,1,0
BRDA:2,0,2,0
BRDA:3,1,0,0
BRDA:3,1,1,0
BRDA:6,2,0,0
BRDA:6,2,1,0
BRDA:13,3,0,0
BRDA:13,3,1,0
BRDA:13,3,2,0
BRDA:14,4,0,0
BRDA:14,4,1,0
BRDA:14,5,0,0
BRDA:14,5,1,0
BRDA:16,6,0,0
BRDA:16,6,1,0
BRDA:16,7,0,0
BRDA:16,7,1,0
BRDA:20,8,0,0
BRDA:20,8,1,0
BRDA:20,8,2,0
BRDA:21,9,0,0
BRDA:21,9,1,0
BRDA:21,10,0,0
BRDA:21,10,1,0
BRDA:38,11,0,0
BRDA:38,11,1,0
BRDA:54,12,0,0
BRDA:54,12,1,0
BRDA:59,13,0,0
BRDA:59,13,1,0
BRDA:63,14,0,0
BRDA:63,14,1,0
BRDA:67,15,0,0
BRDA:67,15,1,0
BRDA:67,16,0,0
BRDA:67,16,1,0
BRDA:67,16,2,0
BRDA:67,16,3,0
BRDA:67,16,4,0
BRDA:75,17,0,0
BRDA:75,17,1,0
BRDA:80,18,0,0
BRDA:80,18,1,0
BRDA:80,19,0,0
BRDA:80,19,1,0
BRDA:80,19,2,0
BRDA:85,20,0,0
BRDA:85,20,1,0
BRDA:85,21,0,0
BRDA:85,21,1,0
BRDA:85,21,2,0
BRDA:91,22,0,0
BRDA:91,22,1,0
BRDA:92,23,0,0
BRDA:92,23,1,0
BRDA:93,24,0,0
BRDA:93,24,1,0
BRDA:93,24,2,0
BRDA:95,25,0,0
BRDA:95,25,1,0
BRDA:100,26,0,0
BRDA:100,26,1,0
BRDA:100,27,0,0
BRDA:100,27,1,0
BRDA:108,28,0,0
BRDA:108,28,1,0
BRDA:109,29,0,0
BRDA:109,29,1,0
BRDA:109,30,0,0
BRDA:109,30,1,0
BRDA:123,31,0,0
BRDA:123,31,1,0
BRDA:126,32,0,0
BRDA:126,32,1,0
BRDA:128,33,0,0
BRDA:128,33,1,0
BRDA:139,34,0,0
BRDA:139,34,1,0
BRDA:162,35,0,0
BRDA:162,35,1,0
BRDA:162,35,2,0
BRDA:162,35,3,0
BRDA:162,35,4,0
BRDA:162,35,5,0
BRDA:165,36,0,0
BRDA:165,36,1,0
BRDA:173,37,0,0
BRDA:173,37,1,0
BRDA:178,38,0,0
BRDA:178,38,1,0
BRDA:184,39,0,0
BRDA:184,39,1,0
BRDA:184,40,0,0
BRDA:184,40,1,0
BRDA:184,40,2,0
BRDA:196,41,0,0
BRDA:196,41,1,0
BRDA:196,42,0,0
BRDA:196,42,1,0
BRDA:204,43,0,0
BRDA:204,43,1,0
BRDA:205,44,0,0
BRDA:205,44,1,0
BRDA:209,45,0,0
BRDA:209,45,1,0
BRDA:231,46,0,0
BRDA:231,46,1,0
BRDA:236,47,0,0
BRDA:236,47,1,0
BRDA:238,48,0,0
BRDA:238,48,1,0
BRDA:240,49,0,0
BRDA:240,49,1,0
BRDA:240,50,0,0
BRDA:240,50,1,0
BRDA:241,51,0,0
BRDA:241,51,1,0
BRDA:242,52,0,0
BRDA:242,52,1,0
BRDA:258,53,0,0
BRDA:258,53,1,0
BRDA:259,54,0,0
BRDA:259,54,1,0
BRDA:262,55,0,0
BRDA:262,55,1,0
BRDA:265,56,0,0
BRDA:265,56,1,0
BRDA:268,57,0,0
BRDA:268,57,1,0
BRDA:272,58,0,0
BRDA:272,58,1,0
BRDA:272,59,0,0
BRDA:272,59,1,0
BRDA:280,60,0,0
BRDA:280,60,1,0
BRDA:300,61,0,0
BRDA:300,61,1,0
BRDA:300,61,2,0
BRDA:308,62,0,0
BRDA:308,62,1,0
BRDA:308,63,0,0
BRDA:308,63,1,0
BRDA:311,64,0,0
BRDA:311,64,1,0
BRDA:324,65,0,0
BRDA:324,65,1,0
BRDA:325,66,0,0
BRDA:325,66,1,0
BRDA:325,67,0,0
BRDA:325,67,1,0
BRDA:325,67,2,0
BRDA:328,68,0,0
BRDA:328,68,1,0
BRDA:333,69,0,0
BRDA:333,69,1,0
BRDA:336,70,0,0
BRDA:336,70,1,0
BRDA:336,71,0,0
BRDA:336,71,1,0
BRDA:339,72,0,0
BRDA:339,72,1,0
BRDA:339,73,0,0
BRDA:339,73,1,0
BRDA:339,73,2,0
BRDA:344,74,0,0
BRDA:344,74,1,0
BRDA:344,75,0,0
BRDA:344,75,1,0
BRDA:345,76,0,0
BRDA:345,76,1,0
BRDA:348,77,0,0
BRDA:348,77,1,0
BRDA:359,78,0,0
BRDA:359,78,1,0
BRF:175
BRH:0
end_of_record
TN:
SF:/Users/Shared/Development/projects/@auroradao/datastream-client-public/packages/datastream-connection/lib/constants.js
FNF:0
FNH:0
DA:2,0
DA:3,0
DA:4,0
DA:5,0
DA:6,0
LF:5
LH:0
BRF:0
BRH:0
end_of_record
TN:
SF:/Users/Shared/Development/projects/@auroradao/datastream-client-public/packages/datastream-connection/lib/errors.js
FN:2,(anonymous_0)
FN:3,(anonymous_1)
FN:5,(anonymous_2)
FN:6,(anonymous_3)
FN:9,(anonymous_4)
FN:11,__
FN:16,(anonymous_6)
FN:18,DatastreamNotReadyError
FNF:8
FNH:0
FNDA:0,(anonymous_0)
FNDA:0,(anonymous_1)
FNDA:0,(anonymous_2)
FNDA:0,(anonymous_3)
FNDA:0,(anonymous_4)
FNDA:0,__
FNDA:0,(anonymous_6)
FNDA:0,DatastreamNotReadyError
DA:2,0
DA:3,0
DA:4,0
DA:5,0
DA:6,0
DA:7,0
DA:9,0
DA:10,0
DA:11,0
DA:12,0
DA:15,0
DA:16,0
DA:17,0
DA:19,0
DA:20,0
DA:21,0
DA:22,0
DA:23,0
DA:24,0
DA:26,0
DA:28,0
LF:21
LH:0
BRDA:2,0,0,0
BRDA:2,0,1,0
BRDA:2,0,2,0
BRDA:4,1,0,0
BRDA:4,1,1,0
BRDA:4,1,2,0
BRDA:4,1,3,0
BRDA:6,2,0,0
BRDA:6,2,1,0
BRDA:12,3,0,0
BRDA:12,3,1,0
BRDA:19,4,0,0
BRDA:19,4,1,0
BRF:13
BRH:0
end_of_record
TN:
SF:/Users/Shared/Development/projects/@auroradao/datastream-client-public/packages/datastream-connection/lib/index.js
FNF:0
FNH:0
DA:2,0
DA:3,0
DA:4,0
LF:3
LH:0
BRF:0
BRH:0
end_of_record
TN:
SF:/Users/Shared/Development/projects/@auroradao/datastream-client-public/packages/datastream-connection/lib/requests.js
FN:5,(anonymous_0)
FN:11,(anonymous_1)
FNF:2
FNH:0
FNDA:0,(anonymous_0)
FNDA:0,(anonymous_1)
DA:2,0
DA:3,0
DA:4,0
DA:5,0
DA:11,0
LF:5
LH:0
BRF:0
BRH:0
end_of_record
TN:
SF:/Users/Shared/Development/projects/@auroradao/datastream-client-public/packages/datastream-connection/lib/utils/buffer.js
FN:2,(anonymous_0)
FN:7,createBuffer
FN:13,(anonymous_2)
FN:24,(anonymous_3)
FN:30,(anonymous_4)
FN:33,(anonymous_5)
FN:36,(anonymous_6)
FNF:7
FNH:0
FNDA:0,(anonymous_0)
FNDA:0,createBuffer
FNDA:0,(anonymous_2)
FNDA:0,(anonymous_3)
FNDA:0,(anonymous_4)
FNDA:0,(anonymous_5)
FNDA:0,(anonymous_6)
DA:2,0
DA:3,0
DA:5,0
DA:6,0
DA:8,0
DA:9,0
DA:11,0
DA:14,0
DA:15,0
DA:16,0
DA:18,0
DA:19,0
DA:21,0
DA:22,0
DA:25,0
DA:26,0
DA:28,0
DA:29,0
DA:30,0
DA:31,0
DA:34,0
DA:37,0
DA:38,0
DA:40,0
DA:41,0
DA:42,0
DA:46,0
LF:27
LH:0
BRDA:2,0,0,0
BRDA:2,0,1,0
BRDA:2,0,2,0
BRDA:3,1,0,0
BRDA:3,1,1,0
BRDA:3,2,0,0
BRDA:3,2,1,0
BRDA:15,3,0,0
BRDA:15,3,1,0
BRDA:18,4,0,0
BRDA:18,4,1,0
BRDA:25,5,0,0
BRDA:25,5,1,0
BRDA:37,6,0,0
BRDA:37,6,1,0
BRDA:42,7,0,0
BRDA:42,7,1,0
BRF:17
BRH:0
end_of_record
TN:
SF:/Users/Shared/Development/projects/@auroradao/datastream-client-public/packages/datastream-connection/lib/utils/redelay.js
FN:3,createRedelay
FN:6,(anonymous_1)
FN:9,(anonymous_2)
FNF:3
FNH:0
FNDA:0,createRedelay
FNDA:0,(anonymous_1)
FNDA:0,(anonymous_2)
DA:2,0
DA:4,0
DA:5,0
DA:7,0
DA:10,0
DA:11,0
DA:16,0
LF:7
LH:0
BRF:0
BRH:0
end_of_record
TN:
SF:/Users/Shared/Development/projects/@auroradao/datastream-client-public/packages/datastream-connector-uws/lib/index.js
FNF:0
FNH:0
DA:2,0
DA:3,0
DA:4,0
LF:3
LH:0
BRF:0
BRH:0
end_of_record
TN:
SF:/Users/Shared/Development/projects/@auroradao/datastream-client-public/packages/datastream-connector-uws/lib/ws-connector.js
FN:2,(anonymous_0)
FN:7,createDatastreamConnector
FN:10,(anonymous_2)
FN:11,(anonymous_3)
FN:12,(anonymous_4)
FN:13,(anonymous_5)
FN:14,(anonymous_6)
FN:23,(anonymous_7)
FNF:8
FNH:0
FNDA:0,(anonymous_0)
FNDA:0,createDatastreamConnector
FNDA:0,(anonymous_2)
FNDA:0,(anonymous_3)
FNDA:0,(anonymous_4)
FNDA:0,(anonymous_5)
FNDA:0,(anonymous_6)
FNDA:0,(anonymous_7)
DA:2,0
DA:3,0
DA:5,0
DA:6,0
DA:8,0
DA:9,0
DA:10,0
DA:11,0
DA:12,0
DA:13,0
DA:14,0
DA:15,0
DA:21,0
DA:24,0
DA:25,0
DA:28,0
DA:36,0
LF:17
LH:0
BRDA:2,0,0,0
BRDA:2,0,1,0
BRDA:2,0,2,0
BRDA:3,1,0,0
BRDA:3,1,1,0
BRDA:3,2,0,0
BRDA:3,2,1,0
BRF:7
BRH:0
end_of_record
TN:
SF:/Users/Shared/Development/projects/@auroradao/datastream-client-public/packages/datastream-connector-web/lib/index.js
FNF:0
FNH:0
DA:2,0
DA:3,0
DA:4,0
LF:3
LH:0
BRF:0
BRH:0
end_of_record
TN:
SF:/Users/Shared/Development/projects/@auroradao/datastream-client-public/packages/datastream-connector-web/lib/ws-connector.js
FN:4,createDatastreamConnector
FN:6,(anonymous_1)
FN:7,(anonymous_2)
FN:11,(anonymous_3)
FN:17,(anonymous_4)
FN:28,(anonymous_5)
FN:37,(anonymous_6)
FNF:7
FNH:0
FNDA:0,createDatastreamConnector
FNDA:0,(anonymous_1)
FNDA:0,(anonymous_2)
FNDA:0,(anonymous_3)
FNDA:0,(anonymous_4)
FNDA:0,(anonymous_5)
FNDA:0,(anonymous_6)
DA:2,0
DA:3,0
DA:5,0
DA:6,0
DA:7,0
DA:8,0
DA:9,0
DA:11,0
DA:12,0
DA:13,0
DA:15,0
DA:17,0
DA:18,0
DA:20,0
DA:26,0
DA:29,0
DA:30,0
DA:31,0
DA:34,0
DA:38,0
DA:46,0
LF:21
LH:0
BRDA:12,0,0,0
BRDA:12,0,1,0
BRDA:12,1,0,0
BRDA:12,1,1,0
BRF:4
BRH:0
end_of_record
TN:
SF:/Users/Shared/Development/projects/@auroradao/datastream-client-public/packages/datastream-connector-ws/lib/index.js
FNF:0
FNH:0
DA:2,0
DA:3,0
DA:4,0
LF:3
LH:0
BRF:0
BRH:0
end_of_record
TN:
SF:/Users/Shared/Development/projects/@auroradao/datastream-client-public/packages/datastream-connector-ws/lib/ws-connector.js
FN:2,(anonymous_0)
FN:7,createDatastreamConnector
FN:10,(anonymous_2)
FN:11,(anonymous_3)
FN:12,(anonymous_4)
FN:13,(anonymous_5)
FN:14,(anonymous_6)
FN:23,(anonymous_7)
FNF:8
FNH:0
FNDA:0,(anonymous_0)
FNDA:0,createDatastreamConnector
FNDA:0,(anonymous_2)
FNDA:0,(anonymous_3)
FNDA:0,(anonymous_4)
FNDA:0,(anonymous_5)
FNDA:0,(anonymous_6)
FNDA:0,(anonymous_7)
DA:2,0
DA:3,0
DA:5,0
DA:6,0
DA:8,0
DA:9,0
DA:10,0
DA:11,0
DA:12,0
DA:13,0
DA:14,0
DA:15,0
DA:21,0
DA:24,0
DA:25,0
DA:28,0
DA:36,0
LF:17
LH:0
BRDA:2,0,0,0
BRDA:2,0,1,0
BRDA:2,0,2,0
BRDA:3,1,0,0
BRDA:3,1,1,0
BRDA:3,2,0,0
BRDA:3,2,1,0
BRF:7
BRH:0
end_of_record
TN:
SF:/Users/Shared/Development/projects/@auroradao/datastream-client-public/packages/datastream-types/lib/client.js
FNF:0
FNH:0
DA:2,0
LF:1
LH:0
BRF:0
BRH:0
end_of_record
TN:
SF:/Users/Shared/Development/projects/@auroradao/datastream-client-public/packages/datastream-types/lib/config.js
FNF:0
FNH:0
DA:2,0
LF:1
LH:0
BRF:0
BRH:0
end_of_record
TN:
SF:/Users/Shared/Development/projects/@auroradao/datastream-client-public/packages/datastream-types/lib/connection.js
FN:4,(anonymous_0)
FNF:1
FNH:0
FNDA:0,(anonymous_0)
DA:2,0
DA:4,0
DA:5,0
DA:6,0
DA:7,0
DA:8,0
DA:9,0
DA:10,0
DA:11,0
LF:9
LH:0
BRDA:12,0,0,0
BRDA:12,0,1,0
BRF:2
BRH:0
end_of_record
TN:
SF:/Users/Shared/Development/projects/@auroradao/datastream-client-public/packages/datastream-types/lib/errors.js
FNF:0
FNH:0
DA:2,0
LF:1
LH:0
BRF:0
BRH:0
end_of_record
TN:
SF:/Users/Shared/Development/projects/@auroradao/datastream-client-public/packages/datastream-types/lib/events.js
FNF:0
FNH:0
DA:2,0
LF:1
LH:0
BRF:0
BRH:0
end_of_record
TN:
SF:/Users/Shared/Development/projects/@auroradao/datastream-client-public/packages/datastream-types/lib/index.js
FN:2,__export
FNF:1
FNH:0
FNDA:0,__export
DA:3,0
DA:5,0
DA:6,0
LF:3
LH:0
BRDA:3,0,0,0
BRDA:3,0,1,0
BRF:2
BRH:0
end_of_record
TN:
SF:/Users/Shared/Development/projects/@auroradao/datastream-client-public/packages/datastream-types/lib/message.js
FNF:0
FNH:0
LF:0
LH:0
BRF:0
BRH:0
end_of_record
TN:
SF:/Users/Shared/Development/projects/@auroradao/datastream-client-public/packages/datastream-types/lib/request.js
FNF:0
FNH:0
DA:2,0
LF:1
LH:0
BRF:0
BRH:0
end_of_record
